0 info it worked if it ends with ok
1 verbose cli [ 'C:\\Program Files\\nodejs\\node.exe',
1 verbose cli   'C:\\Program Files\\nodejs\\node_modules\\npm\\bin\\npm-cli.js',
1 verbose cli   'install',
1 verbose cli   '-g',
1 verbose cli   'bower' ]
2 info using npm@3.3.2
3 info using node@v4.2.2
4 silly loadCurrentTree Starting
5 silly install loadCurrentTree
6 silly install readGlobalPackageData
7 silly fetchPackageMetaData bower
8 silly fetchNamedPackageData bower
9 silly mapToRegistry name bower
10 silly mapToRegistry using default registry
11 silly mapToRegistry registry https://registry.npmjs.org/
12 silly mapToRegistry uri https://registry.npmjs.org/bower
13 verbose request uri https://registry.npmjs.org/bower
14 verbose request no auth needed
15 info attempt registry request try #1 at 23:05:39
16 verbose request id 8e296f3060943c75
17 verbose etag W/"586318fd-2acae"
18 verbose lastModified Wed, 28 Dec 2016 01:44:29 GMT
19 http request GET https://registry.npmjs.org/bower
20 http 200 https://registry.npmjs.org/bower
21 silly get cb [ 200,
21 silly get   { server: 'nginx/1.10.1',
21 silly get     'content-type': 'application/json',
21 silly get     'last-modified': 'Mon, 02 Jan 2017 06:19:49 GMT',
21 silly get     etag: 'W/"5869f105-2ac9b"',
21 silly get     'content-encoding': 'gzip',
21 silly get     'cache-control': 'max-age=300',
21 silly get     'content-length': '16356',
21 silly get     'accept-ranges': 'bytes',
21 silly get     date: 'Wed, 04 Jan 2017 01:05:39 GMT',
21 silly get     via: '1.1 varnish',
21 silly get     age: '156',
21 silly get     connection: 'keep-alive',
21 silly get     'x-served-by': 'cache-gru7123-GRU',
21 silly get     'x-cache': 'HIT',
21 silly get     'x-cache-hits': '1',
21 silly get     'x-timer': 'S1483491939.081323,VS0,VE0',
21 silly get     vary: 'Accept-Encoding' } ]
22 verbose get saving bower to C:\Users\Valdir\AppData\Roaming\npm-cache\registry.npmjs.org\bower\.cache.json
23 silly install normalizeTree
24 silly loadCurrentTree Finishing
25 silly loadIdealTree Starting
26 silly install loadIdealTree
27 silly cloneCurrentTree Starting
28 silly install cloneCurrentTreeToIdealTree
29 silly cloneCurrentTree Finishing
30 silly loadShrinkwrap Starting
31 silly install loadShrinkwrap
32 silly loadShrinkwrap Finishing
33 silly loadAllDepsIntoIdealTree Starting
34 silly install loadAllDepsIntoIdealTree
35 silly resolveWithNewModule bower@1.8.0 checking installable status
36 silly cache add args [ 'bower', null ]
37 verbose cache add spec bower
38 silly cache add parsed spec Result {
38 silly cache add   raw: 'bower',
38 silly cache add   scope: null,
38 silly cache add   name: 'bower',
38 silly cache add   rawSpec: '',
38 silly cache add   spec: '*',
38 silly cache add   type: 'range' }
39 silly addNamed bower@*
40 verbose addNamed "*" is a valid semver range for bower
41 silly addNameRange { name: 'bower', range: '*', hasData: false }
42 silly mapToRegistry name bower
43 silly mapToRegistry using default registry
44 silly mapToRegistry registry https://registry.npmjs.org/
45 silly mapToRegistry uri https://registry.npmjs.org/bower
46 verbose addNameRange registry:https://registry.npmjs.org/bower not in flight; fetching
47 verbose get https://registry.npmjs.org/bower not expired, no request
48 silly addNameRange number 2 { name: 'bower', range: '*', hasData: true }
49 silly addNameRange versions [ 'bower',
49 silly addNameRange   [ '0.1.0',
49 silly addNameRange     '0.1.2',
49 silly addNameRange     '0.1.3',
49 silly addNameRange     '0.2.0',
49 silly addNameRange     '0.3.0',
49 silly addNameRange     '0.3.1',
49 silly addNameRange     '0.3.2',
49 silly addNameRange     '0.4.0',
49 silly addNameRange     '0.5.0',
49 silly addNameRange     '0.5.1',
49 silly addNameRange     '0.6.0',
49 silly addNameRange     '0.6.1',
49 silly addNameRange     '0.6.2',
49 silly addNameRange     '0.6.3',
49 silly addNameRange     '0.6.4',
49 silly addNameRange     '0.6.5',
49 silly addNameRange     '0.6.6',
49 silly addNameRange     '0.6.7',
49 silly addNameRange     '0.6.8',
49 silly addNameRange     '0.7.0',
49 silly addNameRange     '0.7.1',
49 silly addNameRange     '0.8.0',
49 silly addNameRange     '0.8.1',
49 silly addNameRange     '0.8.2',
49 silly addNameRange     '0.8.3',
49 silly addNameRange     '0.8.4',
49 silly addNameRange     '0.8.5',
49 silly addNameRange     '0.8.6',
49 silly addNameRange     '0.9.0',
49 silly addNameRange     '0.9.1',
49 silly addNameRange     '0.9.2',
49 silly addNameRange     '0.10.0',
49 silly addNameRange     '1.0.0',
49 silly addNameRange     '1.0.1',
49 silly addNameRange     '1.0.2',
49 silly addNameRange     '1.0.3',
49 silly addNameRange     '1.1.0',
49 silly addNameRange     '1.1.1',
49 silly addNameRange     '1.1.2',
49 silly addNameRange     '1.2.0',
49 silly addNameRange     '1.2.1',
49 silly addNameRange     '1.2.2',
49 silly addNameRange     '1.2.3',
49 silly addNameRange     '1.2.4',
49 silly addNameRange     '1.2.5',
49 silly addNameRange     '1.2.6',
49 silly addNameRange     '1.2.7',
49 silly addNameRange     '1.2.8',
49 silly addNameRange     '1.3.0',
49 silly addNameRange     '1.3.1',
49 silly addNameRange     '1.3.2',
49 silly addNameRange     '1.3.3',
49 silly addNameRange     '1.3.4',
49 silly addNameRange     '1.3.5',
49 silly addNameRange     '1.3.6',
49 silly addNameRange     '1.3.7',
49 silly addNameRange     '1.3.8',
49 silly addNameRange     '1.3.9',
49 silly addNameRange     '1.3.10',
49 silly addNameRange     '1.3.11',
49 silly addNameRange     '1.3.12',
49 silly addNameRange     '1.4.0',
49 silly addNameRange     '1.4.1',
49 silly addNameRange     '1.5.0',
49 silly addNameRange     '1.5.1',
49 silly addNameRange     '1.5.2',
49 silly addNameRange     '1.5.3',
49 silly addNameRange     '1.6.2',
49 silly addNameRange     '1.6.3',
49 silly addNameRange     '1.6.4',
49 silly addNameRange     '1.6.5',
49 silly addNameRange     '1.5.4',
49 silly addNameRange     '1.4.2',
49 silly addNameRange     '1.6.6',
49 silly addNameRange     '1.6.7',
49 silly addNameRange     '1.6.8',
49 silly addNameRange     '1.6.9',
49 silly addNameRange     '1.7.0',
49 silly addNameRange     '1.7.1',
49 silly addNameRange     '1.7.2',
49 silly addNameRange     '1.7.5',
49 silly addNameRange     '1.7.6',
49 silly addNameRange     '1.7.7',
49 silly addNameRange     '1.7.8',
49 silly addNameRange     '1.7.9',
49 silly addNameRange     '1.8.0' ] ]
50 silly addNamed bower@1.8.0
51 verbose addNamed "1.8.0" is a plain semver version for bower
52 silly cache afterAdd bower@1.8.0
53 verbose afterAdd C:\Users\Valdir\AppData\Roaming\npm-cache\bower\1.8.0\package\package.json not in flight; writing
54 verbose afterAdd C:\Users\Valdir\AppData\Roaming\npm-cache\bower\1.8.0\package\package.json written
55 silly loadAllDepsIntoIdealTree Finishing
56 silly idealTree:prePrune C:\Program Files\nodejs
56 silly idealTree:prePrune └── bower@1.8.0
57 silly loadIdealTree Finishing
58 silly currentTree C:\Program Files\nodejs
58 silly currentTree └── bower@1.8.0
59 silly idealTree C:\Program Files\nodejs
59 silly idealTree └── bower@1.8.0
60 silly generateActionsToTake Starting
61 silly install generateActionsToTake
62 silly generateActionsToTake Finishing
63 silly diffTrees action count 1
64 silly diffTrees update bower@1.8.0
65 silly decomposeActions action count 8
66 silly decomposeActions fetch bower@1.8.0
67 silly decomposeActions extract bower@1.8.0
68 silly decomposeActions preinstall bower@1.8.0
69 silly decomposeActions build bower@1.8.0
70 silly decomposeActions install bower@1.8.0
71 silly decomposeActions postinstall bower@1.8.0
72 silly decomposeActions test bower@1.8.0
73 silly decomposeActions finalize bower@1.8.0
74 silly executeActions Starting
75 silly install executeActions
76 silly doSerial global-install 0
77 silly doParallel fetch 1
78 verbose lock using C:\Users\Valdir\AppData\Roaming\npm-cache\_locks\staging-dfd8fbf9c1feea0f.lock for C:\Program Files\nodejs\node_modules\.staging
79 verbose unlock done using C:\Users\Valdir\AppData\Roaming\npm-cache\_locks\staging-dfd8fbf9c1feea0f.lock for C:\Program Files\nodejs\node_modules\.staging
80 silly rollbackFailedOptional Starting
81 silly rollbackFailedOptional Finishing
82 silly runTopLevelLifecycles Starting
83 silly runTopLevelLifecycles Finishing
84 silly install printInstalled
85 verbose stack Error: EPERM: operation not permitted, mkdir 'C:\Program Files\nodejs\node_modules\.staging'
85 verbose stack     at Error (native)
86 verbose cwd C:\Apache24\htdocs\Delivery_LvL_5.1\DeliveryApp
87 error Windows_NT 10.0.14393
88 error argv "C:\\Program Files\\nodejs\\node.exe" "C:\\Program Files\\nodejs\\node_modules\\npm\\bin\\npm-cli.js" "install" "-g" "bower"
89 error node v4.2.2
90 error npm  v3.3.2
91 error path C:\Program Files\nodejs\node_modules\.staging
92 error code EPERM
93 error errno -4048
94 error syscall mkdir
95 error Error: EPERM: operation not permitted, mkdir 'C:\Program Files\nodejs\node_modules\.staging'
95 error     at Error (native)
95 error  { [Error: EPERM: operation not permitted, mkdir 'C:\Program Files\nodejs\node_modules\.staging']
95 error   errno: -4048,
95 error   code: 'EPERM',
95 error   syscall: 'mkdir',
95 error   path: 'C:\\Program Files\\nodejs\\node_modules\\.staging' }
96 error Please try running this command again as root/Administrator.
97 verbose exit [ -4048, true ]
